<?xml version="1.0" encoding="UTF-8"?>
<!-- Generated by org.testng.reporters.JUnitXMLReporter -->
<testsuite ignored="0" hostname="DESKTOP-LFDAFUI" failures="0" tests="14" name="PropertiesTest" time="24.87" errors="0" timestamp="2023-08-27T22:56:16 IST">
  <testcase classname="api.test.DataDrivenTest" name="testPostUser" time="3.6"/>
  <testcase classname="api.test.DataDrivenTest" name="testPostUser" time="1.3"/>
  <testcase classname="api.test.DataDrivenTest" name="testPostUser" time="1.216"/>
  <testcase classname="api.test.DataDrivenTest" name="testDeleteUserByName" time="1.223"/>
  <testcase classname="api.test.DataDrivenTest" name="testDeleteUserByName" time="1.205"/>
  <testcase classname="api.test.DataDrivenTest" name="testDeleteUserByName" time="1.156"/>
  <testcase classname="api.test.UserTest" name="testPostUser" time="1.219"/>
  <testcase classname="api.test.UserTest" name="testGetUserByName" time="1.13"/>
  <testcase classname="api.test.UserTest" name="testUpdateUserName" time="2.434"/>
  <testcase classname="api.test.UserTest" name="testDeleteUserByName" time="1.162"/>
  <testcase classname="api.test.UserTestProp" name="testPostUser" time="1.202"/>
  <testcase classname="api.test.UserTestProp" name="testGetUserByName" time="1.2"/>
  <testcase classname="api.test.UserTestProp" name="testUpdateUserName" time="2.363"/>
  <testcase classname="api.test.UserTestProp" name="testDeleteUserByName" time="1.163"/>
</testsuite> <!-- PropertiesTest -->
