<?xml version="1.0" encoding="UTF-8"?>
<!-- Generated by org.testng.reporters.JUnitXMLReporter -->
<testsuite ignored="0" hostname="DESKTOP-LFDAFUI" failures="0" tests="6" name="Default test" time="11.567" errors="0" timestamp="2023-08-27T08:57:49 IST">
  <testcase classname="api.test.DataDrivenTest" name="testPostUser" time="3.749"/>
  <testcase classname="api.test.DataDrivenTest" name="testPostUser" time="1.135"/>
  <testcase classname="api.test.DataDrivenTest" name="testPostUser" time="1.136"/>
  <testcase classname="api.test.DataDrivenTest" name="testDeleteUserByName" time="1.231"/>
  <testcase classname="api.test.DataDrivenTest" name="testDeleteUserByName" time="1.126"/>
  <testcase classname="api.test.DataDrivenTest" name="testDeleteUserByName" time="1.191"/>
</testsuite> <!-- Default test -->
