<?xml version="1.0" encoding="UTF-8"?>
<!-- Generated by org.testng.reporters.JUnitXMLReporter -->
<testsuite ignored="0" hostname="DESKTOP-LFDAFUI" failures="0" tests="10" name="Test" time="18.876" errors="0" timestamp="2023-08-27T17:31:01 IST">
  <testcase classname="api.test.DataDrivenTest" name="testPostUser" time="3.524"/>
  <testcase classname="api.test.DataDrivenTest" name="testPostUser" time="1.176"/>
  <testcase classname="api.test.DataDrivenTest" name="testPostUser" time="1.177"/>
  <testcase classname="api.test.DataDrivenTest" name="testDeleteUserByName" time="1.327"/>
  <testcase classname="api.test.DataDrivenTest" name="testDeleteUserByName" time="1.166"/>
  <testcase classname="api.test.DataDrivenTest" name="testDeleteUserByName" time="1.404"/>
  <testcase classname="api.test.UserTest" name="testPostUser" time="1.238"/>
  <testcase classname="api.test.UserTest" name="testGetUserByName" time="1.196"/>
  <testcase classname="api.test.UserTest" name="testUpdateUserName" time="2.323"/>
  <testcase classname="api.test.UserTest" name="testDeleteUserByName" time="1.142"/>
</testsuite> <!-- Test -->
