<?xml version="1.0" encoding="UTF-8"?>
<testng-results ignored="0" total="14" passed="14" failed="0" skipped="0">
  <reporter-output>
  </reporter-output>
  <suite started-at="2023-08-27T22:55:51 IST" name="PropertesSuite" finished-at="2023-08-27T22:56:16 IST" duration-ms="24870">
    <groups>
    </groups>
    <test started-at="2023-08-27T22:55:51 IST" name="PropertiesTest" finished-at="2023-08-27T22:56:16 IST" duration-ms="24870">
      <class name="api.test.UserTest">
        <test-method is-config="true" signature="setupData()[pri:0, instance:api.test.UserTest@4c583ecf]" started-at="2023-08-27T22:56:04 IST" name="setupData" finished-at="2023-08-27T22:56:04 IST" duration-ms="231" status="PASS">
          <reporter-output>
          </reporter-output>
        </test-method> <!-- setupData -->
        <test-method signature="testPostUser()[pri:1, instance:api.test.UserTest@4c583ecf]" started-at="2023-08-27T22:56:04 IST" name="testPostUser" finished-at="2023-08-27T22:56:05 IST" duration-ms="1219" status="PASS">
          <reporter-output>
          </reporter-output>
        </test-method> <!-- testPostUser -->
        <test-method signature="testGetUserByName()[pri:2, instance:api.test.UserTest@4c583ecf]" started-at="2023-08-27T22:56:05 IST" name="testGetUserByName" finished-at="2023-08-27T22:56:06 IST" duration-ms="1130" status="PASS">
          <reporter-output>
          </reporter-output>
        </test-method> <!-- testGetUserByName -->
        <test-method signature="testUpdateUserName()[pri:3, instance:api.test.UserTest@4c583ecf]" started-at="2023-08-27T22:56:06 IST" name="testUpdateUserName" finished-at="2023-08-27T22:56:09 IST" duration-ms="2434" status="PASS">
          <reporter-output>
          </reporter-output>
        </test-method> <!-- testUpdateUserName -->
        <test-method signature="testDeleteUserByName()[pri:4, instance:api.test.UserTest@4c583ecf]" started-at="2023-08-27T22:56:09 IST" name="testDeleteUserByName" finished-at="2023-08-27T22:56:10 IST" duration-ms="1162" status="PASS">
          <reporter-output>
          </reporter-output>
        </test-method> <!-- testDeleteUserByName -->
      </class> <!-- api.test.UserTest -->
      <class name="api.test.DataDrivenTest">
        <test-method signature="testPostUser(java.lang.String,java.lang.String,java.lang.String,java.lang.String,java.lang.String,java.lang.String,java.lang.String)[pri:1, instance:api.test.DataDrivenTest@6adbc9d]" started-at="2023-08-27T22:55:54 IST" name="testPostUser" data-provider="Data" finished-at="2023-08-27T22:55:57 IST" duration-ms="3600" status="PASS">
          <params>
            <param index="0">
              <value>
                <![CDATA[1010]]>
              </value>
            </param>
            <param index="1">
              <value>
                <![CDATA[testuser1]]>
              </value>
            </param>
            <param index="2">
              <value>
                <![CDATA[John]]>
              </value>
            </param>
            <param index="3">
              <value>
                <![CDATA[Canedy]]>
              </value>
            </param>
            <param index="4">
              <value>
                <![CDATA[a@gmail.com]]>
              </value>
            </param>
            <param index="5">
              <value>
                <![CDATA[test@1]]>
              </value>
            </param>
            <param index="6">
              <value>
                <![CDATA[1234567897]]>
              </value>
            </param>
          </params>
          <reporter-output>
          </reporter-output>
        </test-method> <!-- testPostUser -->
        <test-method signature="testPostUser(java.lang.String,java.lang.String,java.lang.String,java.lang.String,java.lang.String,java.lang.String,java.lang.String)[pri:1, instance:api.test.DataDrivenTest@6adbc9d]" started-at="2023-08-27T22:55:57 IST" name="testPostUser" data-provider="Data" finished-at="2023-08-27T22:55:59 IST" duration-ms="1300" status="PASS">
          <params>
            <param index="0">
              <value>
                <![CDATA[1020]]>
              </value>
            </param>
            <param index="1">
              <value>
                <![CDATA[testuser2]]>
              </value>
            </param>
            <param index="2">
              <value>
                <![CDATA[Kim]]>
              </value>
            </param>
            <param index="3">
              <value>
                <![CDATA[Kom]]>
              </value>
            </param>
            <param index="4">
              <value>
                <![CDATA[b@gmail.com]]>
              </value>
            </param>
            <param index="5">
              <value>
                <![CDATA[test@2]]>
              </value>
            </param>
            <param index="6">
              <value>
                <![CDATA[1234567897]]>
              </value>
            </param>
          </params>
          <reporter-output>
          </reporter-output>
        </test-method> <!-- testPostUser -->
        <test-method signature="testPostUser(java.lang.String,java.lang.String,java.lang.String,java.lang.String,java.lang.String,java.lang.String,java.lang.String)[pri:1, instance:api.test.DataDrivenTest@6adbc9d]" started-at="2023-08-27T22:55:59 IST" name="testPostUser" data-provider="Data" finished-at="2023-08-27T22:56:00 IST" duration-ms="1216" status="PASS">
          <params>
            <param index="0">
              <value>
                <![CDATA[1030]]>
              </value>
            </param>
            <param index="1">
              <value>
                <![CDATA[testuser3]]>
              </value>
            </param>
            <param index="2">
              <value>
                <![CDATA[Smith]]>
              </value>
            </param>
            <param index="3">
              <value>
                <![CDATA[Steve]]>
              </value>
            </param>
            <param index="4">
              <value>
                <![CDATA[c@gmail.com]]>
              </value>
            </param>
            <param index="5">
              <value>
                <![CDATA[test@3]]>
              </value>
            </param>
            <param index="6">
              <value>
                <![CDATA[1234567897]]>
              </value>
            </param>
          </params>
          <reporter-output>
          </reporter-output>
        </test-method> <!-- testPostUser -->
        <test-method signature="testDeleteUserByName(java.lang.String)[pri:2, instance:api.test.DataDrivenTest@6adbc9d]" started-at="2023-08-27T22:56:00 IST" name="testDeleteUserByName" data-provider="UserNames" finished-at="2023-08-27T22:56:01 IST" duration-ms="1223" status="PASS">
          <params>
            <param index="0">
              <value>
                <![CDATA[testuser1]]>
              </value>
            </param>
          </params>
          <reporter-output>
          </reporter-output>
        </test-method> <!-- testDeleteUserByName -->
        <test-method signature="testDeleteUserByName(java.lang.String)[pri:2, instance:api.test.DataDrivenTest@6adbc9d]" started-at="2023-08-27T22:56:01 IST" name="testDeleteUserByName" data-provider="UserNames" finished-at="2023-08-27T22:56:03 IST" duration-ms="1205" status="PASS">
          <params>
            <param index="0">
              <value>
                <![CDATA[testuser2]]>
              </value>
            </param>
          </params>
          <reporter-output>
          </reporter-output>
        </test-method> <!-- testDeleteUserByName -->
        <test-method signature="testDeleteUserByName(java.lang.String)[pri:2, instance:api.test.DataDrivenTest@6adbc9d]" started-at="2023-08-27T22:56:03 IST" name="testDeleteUserByName" data-provider="UserNames" finished-at="2023-08-27T22:56:04 IST" duration-ms="1156" status="PASS">
          <params>
            <param index="0">
              <value>
                <![CDATA[testuser3]]>
              </value>
            </param>
          </params>
          <reporter-output>
          </reporter-output>
        </test-method> <!-- testDeleteUserByName -->
      </class> <!-- api.test.DataDrivenTest -->
      <class name="api.test.UserTestProp">
        <test-method is-config="true" signature="setupData()[pri:0, instance:api.test.UserTestProp@692f203f]" started-at="2023-08-27T22:56:10 IST" name="setupData" finished-at="2023-08-27T22:56:10 IST" duration-ms="49" status="PASS">
          <reporter-output>
          </reporter-output>
        </test-method> <!-- setupData -->
        <test-method signature="testPostUser()[pri:1, instance:api.test.UserTestProp@692f203f]" started-at="2023-08-27T22:56:10 IST" name="testPostUser" finished-at="2023-08-27T22:56:11 IST" duration-ms="1202" status="PASS">
          <reporter-output>
          </reporter-output>
        </test-method> <!-- testPostUser -->
        <test-method signature="testGetUserByName()[pri:2, instance:api.test.UserTestProp@692f203f]" started-at="2023-08-27T22:56:11 IST" name="testGetUserByName" finished-at="2023-08-27T22:56:12 IST" duration-ms="1200" status="PASS">
          <reporter-output>
          </reporter-output>
        </test-method> <!-- testGetUserByName -->
        <test-method signature="testUpdateUserName()[pri:3, instance:api.test.UserTestProp@692f203f]" started-at="2023-08-27T22:56:12 IST" name="testUpdateUserName" finished-at="2023-08-27T22:56:15 IST" duration-ms="2363" status="PASS">
          <reporter-output>
          </reporter-output>
        </test-method> <!-- testUpdateUserName -->
        <test-method signature="testDeleteUserByName()[pri:4, instance:api.test.UserTestProp@692f203f]" started-at="2023-08-27T22:56:15 IST" name="testDeleteUserByName" finished-at="2023-08-27T22:56:16 IST" duration-ms="1163" status="PASS">
          <reporter-output>
          </reporter-output>
        </test-method> <!-- testDeleteUserByName -->
      </class> <!-- api.test.UserTestProp -->
    </test> <!-- PropertiesTest -->
  </suite> <!-- PropertesSuite -->
</testng-results>
